<?xml version="1.0" encoding="UTF-8"?>
<coverage generated="1528455166153" clover="3.2.0">
  <project timestamp="1528455166153" name="All files">
    <metrics statements="154" coveredstatements="135" conditionals="102" coveredconditionals="78" methods="33" coveredmethods="25" elements="289" coveredelements="238" complexity="0" loc="154" ncloc="154" packages="1" files="2" classes="2">
      <file name="Bugsnag.js" path="/Users/jamielynch/repos/bugsnag-react-native/src/Bugsnag.js">
        <metrics statements="127" coveredstatements="109" conditionals="82" coveredconditionals="60" methods="31" coveredmethods="23"/>
        <line num="6" count="13" type="stmt"/>
        <line num="8" count="13" type="stmt"/>
        <line num="9" count="13" type="stmt"/>
        <line num="10" count="65" type="stmt"/>
        <line num="21" count="13" type="cond" truecount="4" falsecount="0"/>
        <line num="22" count="5" type="stmt"/>
        <line num="23" count="8" type="cond" truecount="2" falsecount="0"/>
        <line num="24" count="7" type="stmt"/>
        <line num="26" count="1" type="stmt"/>
        <line num="29" count="12" type="cond" truecount="2" falsecount="0"/>
        <line num="30" count="11" type="stmt"/>
        <line num="31" count="11" type="stmt"/>
        <line num="32" count="11" type="cond" truecount="2" falsecount="0"/>
        <line num="33" count="11" type="cond" truecount="2" falsecount="0"/>
        <line num="35" count="1" type="stmt"/>
        <line num="44" count="11" type="cond" truecount="1" falsecount="1"/>
        <line num="45" count="11" type="stmt"/>
        <line num="47" count="11" type="stmt"/>
        <line num="48" count="1" type="cond" truecount="3" falsecount="1"/>
        <line num="49" count="1" type="stmt"/>
        <line num="50" count="0" type="cond" truecount="0" falsecount="2"/>
        <line num="51" count="0" type="stmt"/>
        <line num="54" count="0" type="cond" truecount="0" falsecount="2"/>
        <line num="55" count="0" type="stmt"/>
        <line num="62" count="1" type="stmt"/>
        <line num="63" count="1" type="stmt"/>
        <line num="64" count="1" type="stmt"/>
        <line num="67" count="1" type="stmt"/>
        <line num="84" count="8" type="cond" truecount="2" falsecount="0"/>
        <line num="85" count="2" type="stmt"/>
        <line num="86" count="2" type="cond" truecount="1" falsecount="1"/>
        <line num="87" count="2" type="stmt"/>
        <line num="89" count="6" type="cond" truecount="2" falsecount="0"/>
        <line num="90" count="2" type="cond" truecount="1" falsecount="1"/>
        <line num="91" count="2" type="stmt"/>
        <line num="94" count="4" type="stmt"/>
        <line num="95" count="4" type="stmt"/>
        <line num="97" count="4" type="stmt"/>
        <line num="98" count="0" type="cond" truecount="0" falsecount="2"/>
        <line num="99" count="0" type="cond" truecount="0" falsecount="2"/>
        <line num="100" count="0" type="stmt"/>
        <line num="103" count="4" type="cond" truecount="2" falsecount="0"/>
        <line num="104" count="1" type="stmt"/>
        <line num="107" count="4" type="stmt"/>
        <line num="108" count="4" type="cond" truecount="4" falsecount="0"/>
        <line num="109" count="3" type="stmt"/>
        <line num="111" count="1" type="stmt"/>
        <line num="112" count="1" type="cond" truecount="1" falsecount="1"/>
        <line num="117" count="0" type="stmt"/>
        <line num="124" count="0" type="stmt"/>
        <line num="128" count="0" type="stmt"/>
        <line num="136" count="10" type="cond" truecount="2" falsecount="0"/>
        <line num="137" count="1" type="stmt"/>
        <line num="138" count="1" type="stmt"/>
        <line num="141" count="9" type="cond" truecount="1" falsecount="1"/>
        <line num="142" count="0" type="stmt"/>
        <line num="146" count="9" type="cond" truecount="2" falsecount="0"/>
        <line num="147" count="1" type="stmt"/>
        <line num="148" count="8" type="cond" truecount="2" falsecount="0"/>
        <line num="149" count="1" type="stmt"/>
        <line num="150" count="7" type="cond" truecount="2" falsecount="0"/>
        <line num="151" count="1" type="stmt"/>
        <line num="152" count="1" type="stmt"/>
        <line num="158" count="9" type="stmt"/>
        <line num="160" count="9" type="stmt"/>
        <line num="176" count="3" type="stmt"/>
        <line num="177" count="12" type="stmt"/>
        <line num="178" count="12" type="stmt"/>
        <line num="179" count="5" type="stmt"/>
        <line num="180" count="5" type="stmt"/>
        <line num="187" count="8" type="stmt"/>
        <line num="189" count="8" type="cond" truecount="4" falsecount="0"/>
        <line num="191" count="1" type="stmt"/>
        <line num="193" count="1" type="stmt"/>
        <line num="198" count="0" type="stmt"/>
        <line num="200" count="5" type="stmt"/>
        <line num="202" count="12" type="stmt"/>
        <line num="207" count="3" type="stmt"/>
        <line num="208" count="12" type="cond" truecount="1" falsecount="1"/>
        <line num="218" count="13" type="stmt"/>
        <line num="219" count="13" type="stmt"/>
        <line num="220" count="13" type="stmt"/>
        <line num="221" count="13" type="stmt"/>
        <line num="222" count="13" type="stmt"/>
        <line num="223" count="13" type="stmt"/>
        <line num="224" count="13" type="stmt"/>
        <line num="225" count="13" type="stmt"/>
        <line num="226" count="13" type="stmt"/>
        <line num="227" count="13" type="stmt"/>
        <line num="228" count="13" type="stmt"/>
        <line num="229" count="13" type="stmt"/>
        <line num="230" count="13" type="stmt"/>
        <line num="231" count="13" type="stmt"/>
        <line num="239" count="8" type="cond" truecount="3" falsecount="0"/>
        <line num="250" count="0" type="stmt"/>
        <line num="257" count="0" type="stmt"/>
        <line num="258" count="0" type="cond" truecount="0" falsecount="2"/>
        <line num="259" count="0" type="stmt"/>
        <line num="267" count="0" type="stmt"/>
        <line num="271" count="11" type="stmt"/>
        <line num="289" count="13" type="stmt"/>
        <line num="290" count="13" type="stmt"/>
        <line num="296" count="6" type="stmt"/>
        <line num="297" count="6" type="stmt"/>
        <line num="298" count="6" type="stmt"/>
        <line num="307" count="4" type="stmt"/>
        <line num="308" count="4" type="stmt"/>
        <line num="309" count="4" type="stmt"/>
        <line num="310" count="4" type="stmt"/>
        <line num="311" count="4" type="stmt"/>
        <line num="312" count="4" type="stmt"/>
        <line num="313" count="4" type="stmt"/>
        <line num="314" count="4" type="stmt"/>
        <line num="316" count="4" type="cond" truecount="3" falsecount="1"/>
        <line num="317" count="4" type="stmt"/>
        <line num="320" count="4" type="stmt"/>
        <line num="321" count="4" type="stmt"/>
        <line num="329" count="4" type="cond" truecount="1" falsecount="1"/>
        <line num="330" count="4" type="stmt"/>
        <line num="332" count="4" type="stmt"/>
        <line num="336" count="4" type="cond" truecount="3" falsecount="1"/>
        <line num="337" count="0" type="stmt"/>
        <line num="342" count="4" type="stmt"/>
        <line num="343" count="4" type="stmt"/>
        <line num="344" count="4" type="cond" truecount="4" falsecount="0"/>
        <line num="349" count="4" type="cond" truecount="1" falsecount="1"/>
        <line num="351" count="4" type="stmt"/>
      </file>
      <file name="NativeSerializer.js" path="/Users/jamielynch/repos/bugsnag-react-native/src/NativeSerializer.js">
        <metrics statements="27" coveredstatements="26" conditionals="20" coveredconditionals="18" methods="2" coveredmethods="2"/>
        <line num="1" count="14" type="stmt"/>
        <line num="3" count="14" type="stmt"/>
        <line num="9" count="14" type="cond" truecount="3" falsecount="0"/>
        <line num="10" count="36" type="stmt"/>
        <line num="11" count="36" type="stmt"/>
        <line num="12" count="36" type="cond" truecount="2" falsecount="0"/>
        <line num="13" count="1" type="stmt"/>
        <line num="15" count="36" type="stmt"/>
        <line num="16" count="50" type="cond" truecount="1" falsecount="1"/>
        <line num="18" count="50" type="stmt"/>
        <line num="21" count="50" type="cond" truecount="5" falsecount="0"/>
        <line num="22" count="4" type="stmt"/>
        <line num="23" count="46" type="cond" truecount="2" falsecount="0"/>
        <line num="24" count="22" type="cond" truecount="2" falsecount="0"/>
        <line num="25" count="3" type="stmt"/>
        <line num="26" count="19" type="cond" truecount="2" falsecount="0"/>
        <line num="27" count="1" type="stmt"/>
        <line num="29" count="18" type="stmt"/>
        <line num="32" count="24" type="stmt"/>
        <line num="33" count="24" type="cond" truecount="1" falsecount="1"/>
        <line num="34" count="24" type="stmt"/>
        <line num="36" count="0" type="stmt"/>
        <line num="40" count="36" type="stmt"/>
        <line num="43" count="14" type="stmt"/>
        <line num="44" count="1" type="stmt"/>
        <line num="45" count="1" type="stmt"/>
        <line num="48" count="14" type="stmt"/>
      </file>
    </metrics>
  </project>
</coverage>
