{"/Users/jamielynch/repos/bugsnag-react-native/src/Bugsnag.js": {"path":"/Users/jamielynch/repos/bugsnag-react-native/src/Bugsnag.js","statementMap":{"0":{"start":{"line":6,"column":21},"end":{"line":6,"column":53}},"1":{"start":{"line":8,"column":30},"end":{"line":8,"column":32}},"2":{"start":{"line":9,"column":28},"end":{"line":11,"column":1}},"3":{"start":{"line":10,"column":2},"end":{"line":10,"column":39}},"4":{"start":{"line":21,"column":4},"end":{"line":27,"column":5}},"5":{"start":{"line":22,"column":6},"end":{"line":22,"column":53}},"6":{"start":{"line":23,"column":11},"end":{"line":27,"column":5}},"7":{"start":{"line":24,"column":6},"end":{"line":24,"column":34}},"8":{"start":{"line":26,"column":6},"end":{"line":26,"column":95}},"9":{"start":{"line":29,"column":4},"end":{"line":36,"column":5}},"10":{"start":{"line":30,"column":6},"end":{"line":30,"column":57}},"11":{"start":{"line":31,"column":6},"end":{"line":31,"column":33}},"12":{"start":{"line":32,"column":6},"end":{"line":32,"column":81}},"13":{"start":{"line":32,"column":49},"end":{"line":32,"column":79}},"14":{"start":{"line":33,"column":6},"end":{"line":33,"column":84}},"15":{"start":{"line":33,"column":51},"end":{"line":33,"column":82}},"16":{"start":{"line":35,"column":6},"end":{"line":35,"column":118}},"17":{"start":{"line":44,"column":4},"end":{"line":58,"column":5}},"18":{"start":{"line":45,"column":30},"end":{"line":45,"column":59}},"19":{"start":{"line":47,"column":6},"end":{"line":57,"column":8}},"20":{"start":{"line":48,"column":8},"end":{"line":56,"column":9}},"21":{"start":{"line":49,"column":10},"end":{"line":53,"column":67}},"22":{"start":{"line":50,"column":12},"end":{"line":52,"column":13}},"23":{"start":{"line":51,"column":14},"end":{"line":51,"column":45}},"24":{"start":{"line":54,"column":15},"end":{"line":56,"column":9}},"25":{"start":{"line":55,"column":10},"end":{"line":55,"column":41}},"26":{"start":{"line":62,"column":21},"end":{"line":62,"column":71}},"27":{"start":{"line":63,"column":19},"end":{"line":63,"column":23}},"28":{"start":{"line":64,"column":4},"end":{"line":70,"column":6}},"29":{"start":{"line":67,"column":8},"end":{"line":67,"column":109}},"30":{"start":{"line":84,"column":4},"end":{"line":88,"column":5}},"31":{"start":{"line":85,"column":6},"end":{"line":85,"column":75}},"32":{"start":{"line":86,"column":6},"end":{"line":86,"column":55}},"33":{"start":{"line":86,"column":30},"end":{"line":86,"column":53}},"34":{"start":{"line":87,"column":6},"end":{"line":87,"column":12}},"35":{"start":{"line":89,"column":4},"end":{"line":92,"column":5}},"36":{"start":{"line":90,"column":6},"end":{"line":90,"column":55}},"37":{"start":{"line":90,"column":30},"end":{"line":90,"column":53}},"38":{"start":{"line":91,"column":6},"end":{"line":91,"column":12}},"39":{"start":{"line":94,"column":19},"end":{"line":94,"column":71}},"40":{"start":{"line":95,"column":4},"end":{"line":95,"column":71}},"41":{"start":{"line":97,"column":4},"end":{"line":102,"column":5}},"42":{"start":{"line":98,"column":6},"end":{"line":101,"column":7}},"43":{"start":{"line":99,"column":8},"end":{"line":99,"column":57}},"44":{"start":{"line":99,"column":32},"end":{"line":99,"column":55}},"45":{"start":{"line":100,"column":8},"end":{"line":100,"column":14}},"46":{"start":{"line":103,"column":4},"end":{"line":105,"column":5}},"47":{"start":{"line":104,"column":6},"end":{"line":104,"column":32}},"48":{"start":{"line":107,"column":20},"end":{"line":107,"column":35}},"49":{"start":{"line":108,"column":4},"end":{"line":113,"column":5}},"50":{"start":{"line":109,"column":6},"end":{"line":109,"column":70}},"51":{"start":{"line":111,"column":6},"end":{"line":111,"column":34}},"52":{"start":{"line":112,"column":6},"end":{"line":112,"column":54}},"53":{"start":{"line":112,"column":30},"end":{"line":112,"column":52}},"54":{"start":{"line":117,"column":4},"end":{"line":117,"column":43}},"55":{"start":{"line":124,"column":4},"end":{"line":124,"column":28}},"56":{"start":{"line":128,"column":4},"end":{"line":128,"column":31}},"57":{"start":{"line":136,"column":4},"end":{"line":139,"column":5}},"58":{"start":{"line":137,"column":6},"end":{"line":137,"column":82}},"59":{"start":{"line":138,"column":6},"end":{"line":138,"column":12}},"60":{"start":{"line":141,"column":4},"end":{"line":143,"column":5}},"61":{"start":{"line":142,"column":6},"end":{"line":142,"column":137}},"62":{"start":{"line":146,"column":4},"end":{"line":153,"column":5}},"63":{"start":{"line":147,"column":6},"end":{"line":147,"column":19}},"64":{"start":{"line":148,"column":11},"end":{"line":153,"column":5}},"65":{"start":{"line":149,"column":6},"end":{"line":149,"column":40}},"66":{"start":{"line":150,"column":11},"end":{"line":153,"column":5}},"67":{"start":{"line":151,"column":6},"end":{"line":151,"column":110}},"68":{"start":{"line":152,"column":6},"end":{"line":152,"column":19}},"69":{"start":{"line":158,"column":8},"end":{"line":158,"column":16}},"70":{"start":{"line":160,"column":4},"end":{"line":164,"column":6}},"71":{"start":{"line":176,"column":4},"end":{"line":203,"column":6}},"72":{"start":{"line":177,"column":25},"end":{"line":177,"column":40}},"73":{"start":{"line":178,"column":6},"end":{"line":201,"column":7}},"74":{"start":{"line":179,"column":8},"end":{"line":199,"column":9}},"75":{"start":{"line":180,"column":10},"end":{"line":196,"column":12}},"76":{"start":{"line":187,"column":16},"end":{"line":187,"column":62}},"77":{"start":{"line":187,"column":22},"end":{"line":187,"column":47}},"78":{"start":{"line":189,"column":16},"end":{"line":189,"column":88}},"79":{"start":{"line":189,"column":70},"end":{"line":189,"column":88}},"80":{"start":{"line":191,"column":16},"end":{"line":191,"column":79}},"81":{"start":{"line":191,"column":22},"end":{"line":191,"column":64}},"82":{"start":{"line":193,"column":16},"end":{"line":193,"column":34}},"83":{"start":{"line":198,"column":10},"end":{"line":198,"column":103}},"84":{"start":{"line":200,"column":8},"end":{"line":200,"column":39}},"85":{"start":{"line":202,"column":6},"end":{"line":202,"column":71}},"86":{"start":{"line":202,"column":41},"end":{"line":202,"column":69}},"87":{"start":{"line":207,"column":4},"end":{"line":209,"column":6}},"88":{"start":{"line":208,"column":6},"end":{"line":208,"column":84}},"89":{"start":{"line":208,"column":58},"end":{"line":208,"column":84}},"90":{"start":{"line":218,"column":21},"end":{"line":218,"column":47}},"91":{"start":{"line":219,"column":4},"end":{"line":219,"column":38}},"92":{"start":{"line":220,"column":4},"end":{"line":220,"column":24}},"93":{"start":{"line":221,"column":4},"end":{"line":221,"column":42}},"94":{"start":{"line":222,"column":4},"end":{"line":222,"column":33}},"95":{"start":{"line":223,"column":4},"end":{"line":223,"column":40}},"96":{"start":{"line":224,"column":4},"end":{"line":224,"column":33}},"97":{"start":{"line":225,"column":4},"end":{"line":225,"column":31}},"98":{"start":{"line":226,"column":4},"end":{"line":226,"column":33}},"99":{"start":{"line":227,"column":4},"end":{"line":227,"column":35}},"100":{"start":{"line":228,"column":4},"end":{"line":228,"column":26}},"101":{"start":{"line":229,"column":4},"end":{"line":229,"column":43}},"102":{"start":{"line":230,"column":4},"end":{"line":230,"column":42}},"103":{"start":{"line":231,"column":4},"end":{"line":231,"column":47}},"104":{"start":{"line":239,"column":4},"end":{"line":241,"column":58}},"105":{"start":{"line":250,"column":4},"end":{"line":250,"column":43}},"106":{"start":{"line":257,"column":18},"end":{"line":257,"column":60}},"107":{"start":{"line":258,"column":4},"end":{"line":260,"column":5}},"108":{"start":{"line":259,"column":6},"end":{"line":259,"column":47}},"109":{"start":{"line":267,"column":4},"end":{"line":267,"column":33}},"110":{"start":{"line":271,"column":4},"end":{"line":283,"column":5}},"111":{"start":{"line":289,"column":4},"end":{"line":289,"column":28}},"112":{"start":{"line":290,"column":4},"end":{"line":290,"column":44}},"113":{"start":{"line":296,"column":4},"end":{"line":296,"column":44}},"114":{"start":{"line":297,"column":4},"end":{"line":297,"column":30}},"115":{"start":{"line":298,"column":4},"end":{"line":298,"column":40}},"116":{"start":{"line":307,"column":4},"end":{"line":307,"column":24}},"117":{"start":{"line":308,"column":4},"end":{"line":308,"column":44}},"118":{"start":{"line":309,"column":4},"end":{"line":309,"column":37}},"119":{"start":{"line":310,"column":4},"end":{"line":310,"column":28}},"120":{"start":{"line":311,"column":4},"end":{"line":311,"column":33}},"121":{"start":{"line":312,"column":4},"end":{"line":312,"column":22}},"122":{"start":{"line":313,"column":4},"end":{"line":313,"column":33}},"123":{"start":{"line":314,"column":4},"end":{"line":314,"column":18}},"124":{"start":{"line":316,"column":4},"end":{"line":318,"column":5}},"125":{"start":{"line":317,"column":6},"end":{"line":317,"column":76}},"126":{"start":{"line":320,"column":4},"end":{"line":320,"column":50}},"127":{"start":{"line":321,"column":4},"end":{"line":321,"column":38}},"128":{"start":{"line":329,"column":4},"end":{"line":331,"column":5}},"129":{"start":{"line":330,"column":6},"end":{"line":330,"column":33}},"130":{"start":{"line":332,"column":4},"end":{"line":332,"column":39}},"131":{"start":{"line":336,"column":4},"end":{"line":338,"column":5}},"132":{"start":{"line":337,"column":6},"end":{"line":337,"column":81}},"133":{"start":{"line":342,"column":28},"end":{"line":342,"column":81}},"134":{"start":{"line":343,"column":27},"end":{"line":343,"column":80}},"135":{"start":{"line":344,"column":25},"end":{"line":345,"column":69}},"136":{"start":{"line":349,"column":24},"end":{"line":349,"column":114}},"137":{"start":{"line":351,"column":4},"end":{"line":364,"column":5}}},"fnMap":{"0":{"name":"(anonymous_0)","decl":{"start":{"line":9,"column":79},"end":{"line":9,"column":80}},"loc":{"start":{"line":10,"column":2},"end":{"line":10,"column":39}},"line":10},"1":{"name":"(anonymous_1)","decl":{"start":{"line":20,"column":2},"end":{"line":20,"column":3}},"loc":{"start":{"line":20,"column":31},"end":{"line":37,"column":3}},"line":20},"2":{"name":"(anonymous_2)","decl":{"start":{"line":43,"column":25},"end":{"line":43,"column":26}},"loc":{"start":{"line":43,"column":31},"end":{"line":59,"column":3}},"line":43},"3":{"name":"(anonymous_3)","decl":{"start":{"line":47,"column":34},"end":{"line":47,"column":35}},"loc":{"start":{"line":47,"column":54},"end":{"line":57,"column":7}},"line":47},"4":{"name":"(anonymous_4)","decl":{"start":{"line":49,"column":66},"end":{"line":49,"column":67}},"loc":{"start":{"line":49,"column":78},"end":{"line":53,"column":11}},"line":49},"5":{"name":"(anonymous_5)","decl":{"start":{"line":61,"column":28},"end":{"line":61,"column":29}},"loc":{"start":{"line":61,"column":34},"end":{"line":71,"column":3}},"line":61},"6":{"name":"(anonymous_6)","decl":{"start":{"line":66,"column":19},"end":{"line":66,"column":20}},"loc":{"start":{"line":66,"column":40},"end":{"line":68,"column":7}},"line":66},"7":{"name":"(anonymous_7)","decl":{"start":{"line":69,"column":17},"end":{"line":69,"column":18}},"loc":{"start":{"line":69,"column":29},"end":{"line":69,"column":31}},"line":69},"8":{"name":"(anonymous_8)","decl":{"start":{"line":83,"column":11},"end":{"line":83,"column":12}},"loc":{"start":{"line":83,"column":91},"end":{"line":114,"column":3}},"line":83},"9":{"name":"(anonymous_9)","decl":{"start":{"line":116,"column":12},"end":{"line":116,"column":13}},"loc":{"start":{"line":116,"column":33},"end":{"line":118,"column":3}},"line":116},"10":{"name":"(anonymous_10)","decl":{"start":{"line":123,"column":14},"end":{"line":123,"column":15}},"loc":{"start":{"line":123,"column":20},"end":{"line":125,"column":3}},"line":123},"11":{"name":"(anonymous_11)","decl":{"start":{"line":127,"column":17},"end":{"line":127,"column":18}},"loc":{"start":{"line":127,"column":23},"end":{"line":129,"column":3}},"line":127},"12":{"name":"(anonymous_12)","decl":{"start":{"line":135,"column":20},"end":{"line":135,"column":21}},"loc":{"start":{"line":135,"column":40},"end":{"line":165,"column":3}},"line":135},"13":{"name":"(anonymous_13)","decl":{"start":{"line":175,"column":29},"end":{"line":175,"column":30}},"loc":{"start":{"line":175,"column":35},"end":{"line":204,"column":3}},"line":175},"14":{"name":"(anonymous_14)","decl":{"start":{"line":176,"column":32},"end":{"line":176,"column":33}},"loc":{"start":{"line":176,"column":42},"end":{"line":203,"column":5}},"line":176},"15":{"name":"(anonymous_15)","decl":{"start":{"line":178,"column":24},"end":{"line":178,"column":25}},"loc":{"start":{"line":178,"column":37},"end":{"line":201,"column":7}},"line":178},"16":{"name":"(anonymous_16)","decl":{"start":{"line":184,"column":19},"end":{"line":184,"column":20}},"loc":{"start":{"line":184,"column":26},"end":{"line":194,"column":15}},"line":184},"17":{"name":"(anonymous_17)","decl":{"start":{"line":202,"column":33},"end":{"line":202,"column":34}},"loc":{"start":{"line":202,"column":39},"end":{"line":202,"column":71}},"line":202},"18":{"name":"(anonymous_18)","decl":{"start":{"line":206,"column":30},"end":{"line":206,"column":31}},"loc":{"start":{"line":206,"column":36},"end":{"line":210,"column":3}},"line":206},"19":{"name":"(anonymous_19)","decl":{"start":{"line":207,"column":32},"end":{"line":207,"column":33}},"loc":{"start":{"line":207,"column":42},"end":{"line":209,"column":5}},"line":207},"20":{"name":"(anonymous_20)","decl":{"start":{"line":217,"column":2},"end":{"line":217,"column":3}},"loc":{"start":{"line":217,"column":23},"end":{"line":232,"column":3}},"line":217},"21":{"name":"(anonymous_21)","decl":{"start":{"line":238,"column":17},"end":{"line":238,"column":18}},"loc":{"start":{"line":238,"column":23},"end":{"line":242,"column":3}},"line":238},"22":{"name":"(anonymous_22)","decl":{"start":{"line":249,"column":31},"end":{"line":249,"column":32}},"loc":{"start":{"line":249,"column":45},"end":{"line":251,"column":3}},"line":249},"23":{"name":"(anonymous_23)","decl":{"start":{"line":256,"column":33},"end":{"line":256,"column":34}},"loc":{"start":{"line":256,"column":47},"end":{"line":261,"column":3}},"line":256},"24":{"name":"(anonymous_24)","decl":{"start":{"line":266,"column":29},"end":{"line":266,"column":30}},"loc":{"start":{"line":266,"column":35},"end":{"line":268,"column":3}},"line":266},"25":{"name":"(anonymous_25)","decl":{"start":{"line":270,"column":11},"end":{"line":270,"column":12}},"loc":{"start":{"line":270,"column":17},"end":{"line":284,"column":3}},"line":270},"26":{"name":"(anonymous_26)","decl":{"start":{"line":288,"column":2},"end":{"line":288,"column":3}},"loc":{"start":{"line":288,"column":43},"end":{"line":291,"column":3}},"line":288},"27":{"name":"(anonymous_27)","decl":{"start":{"line":295,"column":2},"end":{"line":295,"column":3}},"loc":{"start":{"line":295,"column":60},"end":{"line":299,"column":3}},"line":295},"28":{"name":"(anonymous_28)","decl":{"start":{"line":306,"column":2},"end":{"line":306,"column":3}},"loc":{"start":{"line":306,"column":45},"end":{"line":322,"column":3}},"line":306},"29":{"name":"(anonymous_29)","decl":{"start":{"line":328,"column":16},"end":{"line":328,"column":17}},"loc":{"start":{"line":328,"column":41},"end":{"line":333,"column":3}},"line":328},"30":{"name":"(anonymous_30)","decl":{"start":{"line":335,"column":11},"end":{"line":335,"column":12}},"loc":{"start":{"line":335,"column":17},"end":{"line":365,"column":3}},"line":335}},"branchMap":{"0":{"loc":{"start":{"line":21,"column":4},"end":{"line":27,"column":5}},"type":"if","locations":[{"start":{"line":21,"column":4},"end":{"line":27,"column":5}},{"start":{"line":21,"column":4},"end":{"line":27,"column":5}}],"line":21},"1":{"loc":{"start":{"line":21,"column":8},"end":{"line":21,"column":83}},"type":"binary-expr","locations":[{"start":{"line":21,"column":8},"end":{"line":21,"column":42}},{"start":{"line":21,"column":46},"end":{"line":21,"column":83}}],"line":21},"2":{"loc":{"start":{"line":23,"column":11},"end":{"line":27,"column":5}},"type":"if","locations":[{"start":{"line":23,"column":11},"end":{"line":27,"column":5}},{"start":{"line":23,"column":11},"end":{"line":27,"column":5}}],"line":23},"3":{"loc":{"start":{"line":29,"column":4},"end":{"line":36,"column":5}},"type":"if","locations":[{"start":{"line":29,"column":4},"end":{"line":36,"column":5}},{"start":{"line":29,"column":4},"end":{"line":36,"column":5}}],"line":29},"4":{"loc":{"start":{"line":32,"column":6},"end":{"line":32,"column":81}},"type":"if","locations":[{"start":{"line":32,"column":6},"end":{"line":32,"column":81}},{"start":{"line":32,"column":6},"end":{"line":32,"column":81}}],"line":32},"5":{"loc":{"start":{"line":33,"column":6},"end":{"line":33,"column":84}},"type":"if","locations":[{"start":{"line":33,"column":6},"end":{"line":33,"column":84}},{"start":{"line":33,"column":6},"end":{"line":33,"column":84}}],"line":33},"6":{"loc":{"start":{"line":44,"column":4},"end":{"line":58,"column":5}},"type":"if","locations":[{"start":{"line":44,"column":4},"end":{"line":58,"column":5}},{"start":{"line":44,"column":4},"end":{"line":58,"column":5}}],"line":44},"7":{"loc":{"start":{"line":48,"column":8},"end":{"line":56,"column":9}},"type":"if","locations":[{"start":{"line":48,"column":8},"end":{"line":56,"column":9}},{"start":{"line":48,"column":8},"end":{"line":56,"column":9}}],"line":48},"8":{"loc":{"start":{"line":48,"column":12},"end":{"line":48,"column":64}},"type":"binary-expr","locations":[{"start":{"line":48,"column":12},"end":{"line":48,"column":34}},{"start":{"line":48,"column":38},"end":{"line":48,"column":64}}],"line":48},"9":{"loc":{"start":{"line":50,"column":12},"end":{"line":52,"column":13}},"type":"if","locations":[{"start":{"line":50,"column":12},"end":{"line":52,"column":13}},{"start":{"line":50,"column":12},"end":{"line":52,"column":13}}],"line":50},"10":{"loc":{"start":{"line":54,"column":15},"end":{"line":56,"column":9}},"type":"if","locations":[{"start":{"line":54,"column":15},"end":{"line":56,"column":9}},{"start":{"line":54,"column":15},"end":{"line":56,"column":9}}],"line":54},"11":{"loc":{"start":{"line":84,"column":4},"end":{"line":88,"column":5}},"type":"if","locations":[{"start":{"line":84,"column":4},"end":{"line":88,"column":5}},{"start":{"line":84,"column":4},"end":{"line":88,"column":5}}],"line":84},"12":{"loc":{"start":{"line":86,"column":6},"end":{"line":86,"column":55}},"type":"if","locations":[{"start":{"line":86,"column":6},"end":{"line":86,"column":55}},{"start":{"line":86,"column":6},"end":{"line":86,"column":55}}],"line":86},"13":{"loc":{"start":{"line":89,"column":4},"end":{"line":92,"column":5}},"type":"if","locations":[{"start":{"line":89,"column":4},"end":{"line":92,"column":5}},{"start":{"line":89,"column":4},"end":{"line":92,"column":5}}],"line":89},"14":{"loc":{"start":{"line":90,"column":6},"end":{"line":90,"column":55}},"type":"if","locations":[{"start":{"line":90,"column":6},"end":{"line":90,"column":55}},{"start":{"line":90,"column":6},"end":{"line":90,"column":55}}],"line":90},"15":{"loc":{"start":{"line":98,"column":6},"end":{"line":101,"column":7}},"type":"if","locations":[{"start":{"line":98,"column":6},"end":{"line":101,"column":7}},{"start":{"line":98,"column":6},"end":{"line":101,"column":7}}],"line":98},"16":{"loc":{"start":{"line":99,"column":8},"end":{"line":99,"column":57}},"type":"if","locations":[{"start":{"line":99,"column":8},"end":{"line":99,"column":57}},{"start":{"line":99,"column":8},"end":{"line":99,"column":57}}],"line":99},"17":{"loc":{"start":{"line":103,"column":4},"end":{"line":105,"column":5}},"type":"if","locations":[{"start":{"line":103,"column":4},"end":{"line":105,"column":5}},{"start":{"line":103,"column":4},"end":{"line":105,"column":5}}],"line":103},"18":{"loc":{"start":{"line":108,"column":4},"end":{"line":113,"column":5}},"type":"if","locations":[{"start":{"line":108,"column":4},"end":{"line":113,"column":5}},{"start":{"line":108,"column":4},"end":{"line":113,"column":5}}],"line":108},"19":{"loc":{"start":{"line":108,"column":8},"end":{"line":108,"column":47}},"type":"binary-expr","locations":[{"start":{"line":108,"column":8},"end":{"line":108,"column":16}},{"start":{"line":108,"column":20},"end":{"line":108,"column":47}}],"line":108},"20":{"loc":{"start":{"line":112,"column":6},"end":{"line":112,"column":54}},"type":"if","locations":[{"start":{"line":112,"column":6},"end":{"line":112,"column":54}},{"start":{"line":112,"column":6},"end":{"line":112,"column":54}}],"line":112},"21":{"loc":{"start":{"line":136,"column":4},"end":{"line":139,"column":5}},"type":"if","locations":[{"start":{"line":136,"column":4},"end":{"line":139,"column":5}},{"start":{"line":136,"column":4},"end":{"line":139,"column":5}}],"line":136},"22":{"loc":{"start":{"line":141,"column":4},"end":{"line":143,"column":5}},"type":"if","locations":[{"start":{"line":141,"column":4},"end":{"line":143,"column":5}},{"start":{"line":141,"column":4},"end":{"line":143,"column":5}}],"line":141},"23":{"loc":{"start":{"line":146,"column":4},"end":{"line":153,"column":5}},"type":"if","locations":[{"start":{"line":146,"column":4},"end":{"line":153,"column":5}},{"start":{"line":146,"column":4},"end":{"line":153,"column":5}}],"line":146},"24":{"loc":{"start":{"line":148,"column":11},"end":{"line":153,"column":5}},"type":"if","locations":[{"start":{"line":148,"column":11},"end":{"line":153,"column":5}},{"start":{"line":148,"column":11},"end":{"line":153,"column":5}}],"line":148},"25":{"loc":{"start":{"line":150,"column":11},"end":{"line":153,"column":5}},"type":"if","locations":[{"start":{"line":150,"column":11},"end":{"line":153,"column":5}},{"start":{"line":150,"column":11},"end":{"line":153,"column":5}}],"line":150},"26":{"loc":{"start":{"line":156,"column":6},"end":{"line":156,"column":21}},"type":"default-arg","locations":[{"start":{"line":156,"column":13},"end":{"line":156,"column":21}}],"line":156},"27":{"loc":{"start":{"line":182,"column":22},"end":{"line":182,"column":60}},"type":"cond-expr","locations":[{"start":{"line":182,"column":46},"end":{"line":182,"column":51}},{"start":{"line":182,"column":54},"end":{"line":182,"column":60}}],"line":182},"28":{"loc":{"start":{"line":189,"column":16},"end":{"line":189,"column":88}},"type":"if","locations":[{"start":{"line":189,"column":16},"end":{"line":189,"column":88}},{"start":{"line":189,"column":16},"end":{"line":189,"column":88}}],"line":189},"29":{"loc":{"start":{"line":189,"column":20},"end":{"line":189,"column":68}},"type":"binary-expr","locations":[{"start":{"line":189,"column":20},"end":{"line":189,"column":31}},{"start":{"line":189,"column":35},"end":{"line":189,"column":68}}],"line":189},"30":{"loc":{"start":{"line":208,"column":6},"end":{"line":208,"column":84}},"type":"if","locations":[{"start":{"line":208,"column":6},"end":{"line":208,"column":84}},{"start":{"line":208,"column":6},"end":{"line":208,"column":84}}],"line":208},"31":{"loc":{"start":{"line":239,"column":11},"end":{"line":241,"column":58}},"type":"binary-expr","locations":[{"start":{"line":239,"column":11},"end":{"line":239,"column":29}},{"start":{"line":240,"column":6},"end":{"line":240,"column":31}},{"start":{"line":241,"column":6},"end":{"line":241,"column":58}}],"line":239},"32":{"loc":{"start":{"line":258,"column":4},"end":{"line":260,"column":5}},"type":"if","locations":[{"start":{"line":258,"column":4},"end":{"line":260,"column":5}},{"start":{"line":258,"column":4},"end":{"line":260,"column":5}}],"line":258},"33":{"loc":{"start":{"line":316,"column":4},"end":{"line":318,"column":5}},"type":"if","locations":[{"start":{"line":316,"column":4},"end":{"line":318,"column":5}},{"start":{"line":316,"column":4},"end":{"line":318,"column":5}}],"line":316},"34":{"loc":{"start":{"line":316,"column":8},"end":{"line":316,"column":66}},"type":"binary-expr","locations":[{"start":{"line":316,"column":8},"end":{"line":316,"column":22}},{"start":{"line":316,"column":26},"end":{"line":316,"column":66}}],"line":316},"35":{"loc":{"start":{"line":329,"column":4},"end":{"line":331,"column":5}},"type":"if","locations":[{"start":{"line":329,"column":4},"end":{"line":331,"column":5}},{"start":{"line":329,"column":4},"end":{"line":331,"column":5}}],"line":329},"36":{"loc":{"start":{"line":336,"column":4},"end":{"line":338,"column":5}},"type":"if","locations":[{"start":{"line":336,"column":4},"end":{"line":338,"column":5}},{"start":{"line":336,"column":4},"end":{"line":338,"column":5}}],"line":336},"37":{"loc":{"start":{"line":336,"column":8},"end":{"line":336,"column":76}},"type":"binary-expr","locations":[{"start":{"line":336,"column":8},"end":{"line":336,"column":27}},{"start":{"line":336,"column":31},"end":{"line":336,"column":76}}],"line":336},"38":{"loc":{"start":{"line":344,"column":25},"end":{"line":345,"column":69}},"type":"cond-expr","locations":[{"start":{"line":345,"column":8},"end":{"line":345,"column":41}},{"start":{"line":345,"column":44},"end":{"line":345,"column":69}}],"line":344},"39":{"loc":{"start":{"line":344,"column":25},"end":{"line":344,"column":57}},"type":"binary-expr","locations":[{"start":{"line":344,"column":25},"end":{"line":344,"column":40}},{"start":{"line":344,"column":44},"end":{"line":344,"column":57}}],"line":344},"40":{"loc":{"start":{"line":349,"column":24},"end":{"line":349,"column":114}},"type":"cond-expr","locations":[{"start":{"line":349,"column":78},"end":{"line":349,"column":106}},{"start":{"line":349,"column":109},"end":{"line":349,"column":114}}],"line":349}},"s":{"0":13,"1":13,"2":13,"3":65,"4":13,"5":5,"6":8,"7":7,"8":1,"9":12,"10":11,"11":11,"12":11,"13":1,"14":11,"15":2,"16":1,"17":11,"18":11,"19":11,"20":1,"21":1,"22":0,"23":0,"24":0,"25":0,"26":1,"27":1,"28":1,"29":1,"30":8,"31":2,"32":2,"33":0,"34":2,"35":6,"36":2,"37":0,"38":2,"39":4,"40":4,"41":4,"42":0,"43":0,"44":0,"45":0,"46":4,"47":1,"48":4,"49":4,"50":3,"51":1,"52":1,"53":0,"54":0,"55":0,"56":0,"57":10,"58":1,"59":1,"60":9,"61":0,"62":9,"63":1,"64":8,"65":1,"66":7,"67":1,"68":1,"69":9,"70":9,"71":3,"72":12,"73":12,"74":5,"75":5,"76":8,"77":8,"78":8,"79":7,"80":1,"81":1,"82":1,"83":0,"84":5,"85":12,"86":12,"87":3,"88":12,"89":12,"90":13,"91":13,"92":13,"93":13,"94":13,"95":13,"96":13,"97":13,"98":13,"99":13,"100":13,"101":13,"102":13,"103":13,"104":8,"105":0,"106":0,"107":0,"108":0,"109":0,"110":11,"111":13,"112":13,"113":6,"114":6,"115":6,"116":4,"117":4,"118":4,"119":4,"120":4,"121":4,"122":4,"123":4,"124":4,"125":4,"126":4,"127":4,"128":4,"129":4,"130":4,"131":4,"132":0,"133":4,"134":4,"135":4,"136":4,"137":4},"f":{"0":65,"1":13,"2":11,"3":1,"4":0,"5":1,"6":1,"7":0,"8":8,"9":0,"10":0,"11":0,"12":10,"13":3,"14":12,"15":5,"16":8,"17":12,"18":3,"19":12,"20":13,"21":8,"22":0,"23":0,"24":0,"25":11,"26":13,"27":6,"28":4,"29":4,"30":4},"b":{"0":[5,8],"1":[13,8],"2":[7,1],"3":[11,1],"4":[1,10],"5":[2,9],"6":[11,0],"7":[1,0],"8":[1,1],"9":[0,0],"10":[0,0],"11":[2,6],"12":[0,2],"13":[2,4],"14":[0,2],"15":[0,0],"16":[0,0],"17":[1,3],"18":[3,1],"19":[4,3],"20":[0,1],"21":[1,9],"22":[0,9],"23":[1,8],"24":[1,7],"25":[1,6],"26":[3],"27":[0,5],"28":[7,1],"29":[8,8],"30":[12,0],"31":[8,1,1],"32":[0,0],"33":[4,0],"34":[4,2],"35":[4,0],"36":[0,4],"37":[4,4],"38":[3,1],"39":[4,3],"40":[4,0]},"_coverageSchema":"332fd63041d2c1bcb487cc26dd0d5f7d97098a6c","hash":"ba65dd247761297b654894571c165352c69138c4"}
,"/Users/jamielynch/repos/bugsnag-react-native/src/NativeSerializer.js": {"path":"/Users/jamielynch/repos/bugsnag-react-native/src/NativeSerializer.js","statementMap":{"0":{"start":{"line":1,"column":16},"end":{"line":1,"column":34}},"1":{"start":{"line":3,"column":30},"end":{"line":3,"column":63}},"2":{"start":{"line":9,"column":32},"end":{"line":41,"column":1}},"3":{"start":{"line":10,"column":2},"end":{"line":10,"column":15}},"4":{"start":{"line":11,"column":17},"end":{"line":11,"column":19}},"5":{"start":{"line":12,"column":2},"end":{"line":14,"column":3}},"6":{"start":{"line":13,"column":4},"end":{"line":13,"column":34}},"7":{"start":{"line":15,"column":2},"end":{"line":39,"column":3}},"8":{"start":{"line":16,"column":4},"end":{"line":16,"column":51}},"9":{"start":{"line":16,"column":43},"end":{"line":16,"column":51}},"10":{"start":{"line":18,"column":18},"end":{"line":18,"column":26}},"11":{"start":{"line":21,"column":4},"end":{"line":38,"column":5}},"12":{"start":{"line":22,"column":6},"end":{"line":22,"column":60}},"13":{"start":{"line":23,"column":11},"end":{"line":38,"column":5}},"14":{"start":{"line":24,"column":6},"end":{"line":30,"column":7}},"15":{"start":{"line":25,"column":8},"end":{"line":25,"column":61}},"16":{"start":{"line":26,"column":13},"end":{"line":30,"column":7}},"17":{"start":{"line":27,"column":8},"end":{"line":27,"column":71}},"18":{"start":{"line":29,"column":8},"end":{"line":29,"column":103}},"19":{"start":{"line":32,"column":19},"end":{"line":32,"column":31}},"20":{"start":{"line":33,"column":6},"end":{"line":37,"column":7}},"21":{"start":{"line":34,"column":8},"end":{"line":34,"column":50}},"22":{"start":{"line":36,"column":8},"end":{"line":36,"column":96}},"23":{"start":{"line":40,"column":2},"end":{"line":40,"column":15}},"24":{"start":{"line":43,"column":28},"end":{"line":46,"column":1}},"25":{"start":{"line":44,"column":35},"end":{"line":44,"column":38}},"26":{"start":{"line":45,"column":2},"end":{"line":45,"column":33}},"27":{"start":{"line":48,"column":0},"end":{"line":48,"column":40}}},"fnMap":{"0":{"name":"(anonymous_0)","decl":{"start":{"line":9,"column":32},"end":{"line":9,"column":33}},"loc":{"start":{"line":9,"column":85},"end":{"line":41,"column":1}},"line":9},"1":{"name":"(anonymous_1)","decl":{"start":{"line":43,"column":28},"end":{"line":43,"column":29}},"loc":{"start":{"line":43,"column":37},"end":{"line":46,"column":1}},"line":43}},"branchMap":{"0":{"loc":{"start":{"line":9,"column":38},"end":{"line":9,"column":51}},"type":"default-arg","locations":[{"start":{"line":9,"column":49},"end":{"line":9,"column":51}}],"line":9},"1":{"loc":{"start":{"line":9,"column":53},"end":{"line":9,"column":62}},"type":"default-arg","locations":[{"start":{"line":9,"column":61},"end":{"line":9,"column":62}}],"line":9},"2":{"loc":{"start":{"line":9,"column":64},"end":{"line":9,"column":80}},"type":"default-arg","locations":[{"start":{"line":9,"column":71},"end":{"line":9,"column":80}}],"line":9},"3":{"loc":{"start":{"line":12,"column":2},"end":{"line":14,"column":3}},"type":"if","locations":[{"start":{"line":12,"column":2},"end":{"line":14,"column":3}},{"start":{"line":12,"column":2},"end":{"line":14,"column":3}}],"line":12},"4":{"loc":{"start":{"line":16,"column":4},"end":{"line":16,"column":51}},"type":"if","locations":[{"start":{"line":16,"column":4},"end":{"line":16,"column":51}},{"start":{"line":16,"column":4},"end":{"line":16,"column":51}}],"line":16},"5":{"loc":{"start":{"line":21,"column":4},"end":{"line":38,"column":5}},"type":"if","locations":[{"start":{"line":21,"column":4},"end":{"line":38,"column":5}},{"start":{"line":21,"column":4},"end":{"line":38,"column":5}}],"line":21},"6":{"loc":{"start":{"line":21,"column":8},"end":{"line":21,"column":90}},"type":"binary-expr","locations":[{"start":{"line":21,"column":8},"end":{"line":21,"column":43}},{"start":{"line":21,"column":48},"end":{"line":21,"column":73}},{"start":{"line":21,"column":77},"end":{"line":21,"column":89}}],"line":21},"7":{"loc":{"start":{"line":23,"column":11},"end":{"line":38,"column":5}},"type":"if","locations":[{"start":{"line":23,"column":11},"end":{"line":38,"column":5}},{"start":{"line":23,"column":11},"end":{"line":38,"column":5}}],"line":23},"8":{"loc":{"start":{"line":24,"column":6},"end":{"line":30,"column":7}},"type":"if","locations":[{"start":{"line":24,"column":6},"end":{"line":30,"column":7}},{"start":{"line":24,"column":6},"end":{"line":30,"column":7}}],"line":24},"9":{"loc":{"start":{"line":26,"column":13},"end":{"line":30,"column":7}},"type":"if","locations":[{"start":{"line":26,"column":13},"end":{"line":30,"column":7}},{"start":{"line":26,"column":13},"end":{"line":30,"column":7}}],"line":26},"10":{"loc":{"start":{"line":33,"column":6},"end":{"line":37,"column":7}},"type":"if","locations":[{"start":{"line":33,"column":6},"end":{"line":37,"column":7}},{"start":{"line":33,"column":6},"end":{"line":37,"column":7}}],"line":33}},"s":{"0":14,"1":14,"2":14,"3":36,"4":36,"5":36,"6":1,"7":36,"8":50,"9":0,"10":50,"11":50,"12":4,"13":46,"14":22,"15":3,"16":19,"17":1,"18":18,"19":24,"20":24,"21":24,"22":0,"23":36,"24":14,"25":1,"26":1,"27":14},"f":{"0":36,"1":1},"b":{"0":[18],"1":[18],"2":[18],"3":[1,35],"4":[0,50],"5":[4,46],"6":[50,46,4],"7":[22,24],"8":[3,19],"9":[1,18],"10":[24,0]},"_coverageSchema":"332fd63041d2c1bcb487cc26dd0d5f7d97098a6c","hash":"22861774b19300e1d3c285e49a0fa477d68c7dba"}
}
