TN:
SF:/Users/jamielynch/repos/bugsnag-react-native/src/Bugsnag.js
FN:9,(anonymous_0)
FN:20,(anonymous_1)
FN:43,(anonymous_2)
FN:47,(anonymous_3)
FN:49,(anonymous_4)
FN:61,(anonymous_5)
FN:66,(anonymous_6)
FN:69,(anonymous_7)
FN:83,(anonymous_8)
FN:116,(anonymous_9)
FN:123,(anonymous_10)
FN:127,(anonymous_11)
FN:135,(anonymous_12)
FN:175,(anonymous_13)
FN:176,(anonymous_14)
FN:178,(anonymous_15)
FN:184,(anonymous_16)
FN:202,(anonymous_17)
FN:206,(anonymous_18)
FN:207,(anonymous_19)
FN:217,(anonymous_20)
FN:238,(anonymous_21)
FN:249,(anonymous_22)
FN:256,(anonymous_23)
FN:266,(anonymous_24)
FN:270,(anonymous_25)
FN:288,(anonymous_26)
FN:295,(anonymous_27)
FN:306,(anonymous_28)
FN:328,(anonymous_29)
FN:335,(anonymous_30)
FNF:31
FNH:23
FNDA:65,(anonymous_0)
FNDA:13,(anonymous_1)
FNDA:11,(anonymous_2)
FNDA:1,(anonymous_3)
FNDA:0,(anonymous_4)
FNDA:1,(anonymous_5)
FNDA:1,(anonymous_6)
FNDA:0,(anonymous_7)
FNDA:8,(anonymous_8)
FNDA:0,(anonymous_9)
FNDA:0,(anonymous_10)
FNDA:0,(anonymous_11)
FNDA:10,(anonymous_12)
FNDA:3,(anonymous_13)
FNDA:12,(anonymous_14)
FNDA:5,(anonymous_15)
FNDA:8,(anonymous_16)
FNDA:12,(anonymous_17)
FNDA:3,(anonymous_18)
FNDA:12,(anonymous_19)
FNDA:13,(anonymous_20)
FNDA:8,(anonymous_21)
FNDA:0,(anonymous_22)
FNDA:0,(anonymous_23)
FNDA:0,(anonymous_24)
FNDA:11,(anonymous_25)
FNDA:13,(anonymous_26)
FNDA:6,(anonymous_27)
FNDA:4,(anonymous_28)
FNDA:4,(anonymous_29)
FNDA:4,(anonymous_30)
DA:6,13
DA:8,13
DA:9,13
DA:10,65
DA:21,13
DA:22,5
DA:23,8
DA:24,7
DA:26,1
DA:29,12
DA:30,11
DA:31,11
DA:32,11
DA:33,11
DA:35,1
DA:44,11
DA:45,11
DA:47,11
DA:48,1
DA:49,1
DA:50,0
DA:51,0
DA:54,0
DA:55,0
DA:62,1
DA:63,1
DA:64,1
DA:67,1
DA:84,8
DA:85,2
DA:86,2
DA:87,2
DA:89,6
DA:90,2
DA:91,2
DA:94,4
DA:95,4
DA:97,4
DA:98,0
DA:99,0
DA:100,0
DA:103,4
DA:104,1
DA:107,4
DA:108,4
DA:109,3
DA:111,1
DA:112,1
DA:117,0
DA:124,0
DA:128,0
DA:136,10
DA:137,1
DA:138,1
DA:141,9
DA:142,0
DA:146,9
DA:147,1
DA:148,8
DA:149,1
DA:150,7
DA:151,1
DA:152,1
DA:158,9
DA:160,9
DA:176,3
DA:177,12
DA:178,12
DA:179,5
DA:180,5
DA:187,8
DA:189,8
DA:191,1
DA:193,1
DA:198,0
DA:200,5
DA:202,12
DA:207,3
DA:208,12
DA:218,13
DA:219,13
DA:220,13
DA:221,13
DA:222,13
DA:223,13
DA:224,13
DA:225,13
DA:226,13
DA:227,13
DA:228,13
DA:229,13
DA:230,13
DA:231,13
DA:239,8
DA:250,0
DA:257,0
DA:258,0
DA:259,0
DA:267,0
DA:271,11
DA:289,13
DA:290,13
DA:296,6
DA:297,6
DA:298,6
DA:307,4
DA:308,4
DA:309,4
DA:310,4
DA:311,4
DA:312,4
DA:313,4
DA:314,4
DA:316,4
DA:317,4
DA:320,4
DA:321,4
DA:329,4
DA:330,4
DA:332,4
DA:336,4
DA:337,0
DA:342,4
DA:343,4
DA:344,4
DA:349,4
DA:351,4
LF:127
LH:109
BRDA:21,0,0,5
BRDA:21,0,1,8
BRDA:21,1,0,13
BRDA:21,1,1,8
BRDA:23,2,0,7
BRDA:23,2,1,1
BRDA:29,3,0,11
BRDA:29,3,1,1
BRDA:32,4,0,1
BRDA:32,4,1,10
BRDA:33,5,0,2
BRDA:33,5,1,9
BRDA:44,6,0,11
BRDA:44,6,1,0
BRDA:48,7,0,1
BRDA:48,7,1,0
BRDA:48,8,0,1
BRDA:48,8,1,1
BRDA:50,9,0,0
BRDA:50,9,1,0
BRDA:54,10,0,0
BRDA:54,10,1,0
BRDA:84,11,0,2
BRDA:84,11,1,6
BRDA:86,12,0,0
BRDA:86,12,1,2
BRDA:89,13,0,2
BRDA:89,13,1,4
BRDA:90,14,0,0
BRDA:90,14,1,2
BRDA:98,15,0,0
BRDA:98,15,1,0
BRDA:99,16,0,0
BRDA:99,16,1,0
BRDA:103,17,0,1
BRDA:103,17,1,3
BRDA:108,18,0,3
BRDA:108,18,1,1
BRDA:108,19,0,4
BRDA:108,19,1,3
BRDA:112,20,0,0
BRDA:112,20,1,1
BRDA:136,21,0,1
BRDA:136,21,1,9
BRDA:141,22,0,0
BRDA:141,22,1,9
BRDA:146,23,0,1
BRDA:146,23,1,8
BRDA:148,24,0,1
BRDA:148,24,1,7
BRDA:150,25,0,1
BRDA:150,25,1,6
BRDA:156,26,0,3
BRDA:182,27,0,0
BRDA:182,27,1,5
BRDA:189,28,0,7
BRDA:189,28,1,1
BRDA:189,29,0,8
BRDA:189,29,1,8
BRDA:208,30,0,12
BRDA:208,30,1,0
BRDA:239,31,0,8
BRDA:239,31,1,1
BRDA:239,31,2,1
BRDA:258,32,0,0
BRDA:258,32,1,0
BRDA:316,33,0,4
BRDA:316,33,1,0
BRDA:316,34,0,4
BRDA:316,34,1,2
BRDA:329,35,0,4
BRDA:329,35,1,0
BRDA:336,36,0,0
BRDA:336,36,1,4
BRDA:336,37,0,4
BRDA:336,37,1,4
BRDA:344,38,0,3
BRDA:344,38,1,1
BRDA:344,39,0,4
BRDA:344,39,1,3
BRDA:349,40,0,4
BRDA:349,40,1,0
BRF:82
BRH:60
end_of_record
TN:
SF:/Users/jamielynch/repos/bugsnag-react-native/src/NativeSerializer.js
FN:9,(anonymous_0)
FN:43,(anonymous_1)
FNF:2
FNH:2
FNDA:36,(anonymous_0)
FNDA:1,(anonymous_1)
DA:1,14
DA:3,14
DA:9,14
DA:10,36
DA:11,36
DA:12,36
DA:13,1
DA:15,36
DA:16,50
DA:18,50
DA:21,50
DA:22,4
DA:23,46
DA:24,22
DA:25,3
DA:26,19
DA:27,1
DA:29,18
DA:32,24
DA:33,24
DA:34,24
DA:36,0
DA:40,36
DA:43,14
DA:44,1
DA:45,1
DA:48,14
LF:27
LH:26
BRDA:9,0,0,18
BRDA:9,1,0,18
BRDA:9,2,0,18
BRDA:12,3,0,1
BRDA:12,3,1,35
BRDA:16,4,0,0
BRDA:16,4,1,50
BRDA:21,5,0,4
BRDA:21,5,1,46
BRDA:21,6,0,50
BRDA:21,6,1,46
BRDA:21,6,2,4
BRDA:23,7,0,22
BRDA:23,7,1,24
BRDA:24,8,0,3
BRDA:24,8,1,19
BRDA:26,9,0,1
BRDA:26,9,1,18
BRDA:33,10,0,24
BRDA:33,10,1,0
BRF:20
BRH:18
end_of_record
